2016-05-12 15:30:32,280 - rootLogger - INFO - All Excel Files Initialised successfully.
2016-05-12 15:30:32,285 - rootLogger - INFO - Param.properties file loaded successfully.
2016-05-12 15:30:32,285 - rootLogger - INFO - Execution started for SuiteOneBase.
2016-05-12 15:30:32,405 - rootLogger - INFO - All Excel Files Initialised successfully.
2016-05-12 15:30:32,406 - rootLogger - INFO - Param.properties file loaded successfully.
2016-05-12 15:30:32,406 - rootLogger - INFO - SuiteOneCaseOne : Execution started.
2016-05-12 15:30:38,534 - rootLogger - INFO - IE Driver Instance loaded successfully.
2016-05-12 15:30:46,974 - rootLogger - INFO - Calc Sum Test Result Is :21
2016-05-12 15:30:46,996 - rootLogger - INFO - SuiteOneCaseOne : Reporting test data set line 1 as PASS In excel.
2016-05-12 15:30:53,152 - rootLogger - INFO - Calc Sum Test Result Is :13
2016-05-12 15:30:53,153 - rootLogger - INFO - SuiteOneCaseOne : Reporting test data set line 2 as PASS In excel.
2016-05-12 15:30:53,310 - rootLogger - INFO - SuiteOneCaseOne : Reporting test case as PASS In excel.
2016-05-12 15:30:53,668 - rootLogger - INFO - All Excel Files Initialised successfully.
2016-05-12 15:30:53,668 - rootLogger - INFO - Param.properties file loaded successfully.
2016-05-12 15:30:57,461 - rootLogger - INFO - IE Driver Instance loaded successfully.
2016-05-12 15:31:32,661 - rootLogger - INFO - All Excel Files Initialised successfully.
2016-05-12 15:31:32,666 - rootLogger - INFO - Param.properties file loaded successfully.
2016-05-12 15:31:32,711 - rootLogger - INFO - All Excel Files Initialised successfully.
2016-05-12 15:31:32,712 - rootLogger - INFO - Param.properties file loaded successfully.
2016-05-12 15:31:37,283 - rootLogger - INFO - IE Driver Instance loaded successfully.
2016-05-12 15:32:09,344 - rootLogger - INFO - All Excel Files Initialised successfully.
2016-05-12 15:32:09,344 - rootLogger - INFO - Param.properties file loaded successfully.
2016-05-12 15:32:14,013 - rootLogger - INFO - IE Driver Instance loaded successfully.
